<?xml version="1.0" encoding="UTF-8"?>
<!-- Generated by org.testng.reporters.JUnitReportReporter -->
<testsuite skipped="0" hostname="LAPTOP-7UD1K90P" name="HomePageSmokeTest" tests="1" failures="0" timestamp="2021-08-07T07:21:11 IST" time="0.005" errors="0">
  <testcase name="HomePageButtons" time="0.005" classname="HomePageSmokeTest"/>
  <system-out/>
</testsuite> <!-- HomePageSmokeTest -->
